Arguments: 
  /usr/bin/node /usr/share/yarn/bin/yarn.js build --watch

PATH: 
  /home/luiz/.rvm/gems/ruby-3.1.2/bin:/home/luiz/.rvm/gems/ruby-3.1.2@global/bin:/home/luiz/.rvm/rubies/ruby-3.1.2/bin:/home/luiz/.local/bin:/usr/local/sbin:/usr/local/bin:/usr/sbin:/usr/bin:/sbin:/bin:/usr/games:/usr/local/games:/snap/bin:/snap/bin:/home/luiz/.rvm/bin:/home/luiz/.rvm/bin

Yarn version: 
  1.22.19

Node version: 
  18.11.0

Platform: 
  linux x64

Trace: 
  SyntaxError: /var/www/ekklesia/package.json: Unexpected end of JSON input
      at JSON.parse (<anonymous>)
      at /usr/share/yarn/lib/cli.js:1629:59
      at Generator.next (<anonymous>)
      at step (/usr/share/yarn/lib/cli.js:310:30)
      at /usr/share/yarn/lib/cli.js:321:13

npm manifest: 
  

yarn manifest: 
  No manifest

Lockfile: 
  No lockfile
